This is pdfTeX, Version 3.14159265-2.6-1.40.17 (TeX Live 2016/Debian) (preloaded format=pdflatex 2017.12.15)  19 DEC 2017 18:35
entering extended mode
 \write18 enabled.
 file:line:error style messages enabled.
 %&-line parsing enabled.
**main.tex
(./main.tex
LaTeX2e <2016/03/31> patch level 3
Babel <3.9r> and hyphenation patterns for 83 language(s) loaded.
(./ieeeconf.cls
Document Class: ieeeconf 2004/1/15 revision V1.6b by Pradeep Misra
\@IEEEtrantmpdimenA=\dimen102
\@IEEEtrantmpdimenB=\dimen103
\@IEEEtrantmpcountA=\count79
\@IEEEtrantmpcountB=\count80
\@IEEEtrantmptoksA=\toks14
LaTeX Font Info:    Try loading font information for OT1+ptm on input line 792.

(/usr/share/texlive/texmf-dist/tex/latex/psnfss/ot1ptm.fd
File: ot1ptm.fd 2001/06/04 font definitions for OT1/ptm.
)
\@IEEEnormalsizefontbaselineskip=\skip41

-- This is a 10 point document.
\normalsizebaselineskip=\skip42
\normaljot=\skip43
LaTeX Font Info:    Font shape `OT1/ptm/bx/n' in size <5> not available
(Font)              Font shape `OT1/ptm/b/n' tried instead on input line 1111.
LaTeX Font Info:    Font shape `OT1/ptm/bx/it' in size <5> not available
(Font)              Font shape `OT1/ptm/b/it' tried instead on input line 1111.

LaTeX Font Info:    Font shape `OT1/ptm/bx/n' in size <7> not available
(Font)              Font shape `OT1/ptm/b/n' tried instead on input line 1111.
LaTeX Font Info:    Font shape `OT1/ptm/bx/it' in size <7> not available
(Font)              Font shape `OT1/ptm/b/it' tried instead on input line 1111.

LaTeX Font Info:    Font shape `OT1/ptm/bx/n' in size <8> not available
(Font)              Font shape `OT1/ptm/b/n' tried instead on input line 1111.
LaTeX Font Info:    Font shape `OT1/ptm/bx/it' in size <8> not available
(Font)              Font shape `OT1/ptm/b/it' tried instead on input line 1111.

LaTeX Font Info:    Font shape `OT1/ptm/bx/n' in size <9> not available
(Font)              Font shape `OT1/ptm/b/n' tried instead on input line 1111.
LaTeX Font Info:    Font shape `OT1/ptm/bx/it' in size <9> not available
(Font)              Font shape `OT1/ptm/b/it' tried instead on input line 1111.

LaTeX Font Info:    Font shape `OT1/ptm/bx/n' in size <10> not available
(Font)              Font shape `OT1/ptm/b/n' tried instead on input line 1111.
LaTeX Font Info:    Font shape `OT1/ptm/bx/it' in size <10> not available
(Font)              Font shape `OT1/ptm/b/it' tried instead on input line 1111.

LaTeX Font Info:    Font shape `OT1/ptm/bx/n' in size <11> not available
(Font)              Font shape `OT1/ptm/b/n' tried instead on input line 1111.
LaTeX Font Info:    Font shape `OT1/ptm/bx/it' in size <11> not available
(Font)              Font shape `OT1/ptm/b/it' tried instead on input line 1111.

LaTeX Font Info:    Font shape `OT1/ptm/bx/n' in size <12> not available
(Font)              Font shape `OT1/ptm/b/n' tried instead on input line 1111.
LaTeX Font Info:    Font shape `OT1/ptm/bx/it' in size <12> not available
(Font)              Font shape `OT1/ptm/b/it' tried instead on input line 1111.

LaTeX Font Info:    Font shape `OT1/ptm/bx/n' in size <16> not available
(Font)              Font shape `OT1/ptm/b/n' tried instead on input line 1111.
LaTeX Font Info:    Font shape `OT1/ptm/bx/it' in size <16> not available
(Font)              Font shape `OT1/ptm/b/it' tried instead on input line 1111.

LaTeX Font Info:    Font shape `OT1/ptm/bx/n' in size <20> not available
(Font)              Font shape `OT1/ptm/b/n' tried instead on input line 1111.
LaTeX Font Info:    Font shape `OT1/ptm/bx/it' in size <20> not available
(Font)              Font shape `OT1/ptm/b/it' tried instead on input line 1111.

LaTeX Font Info:    Font shape `OT1/ptm/bx/n' in size <24> not available
(Font)              Font shape `OT1/ptm/b/n' tried instead on input line 1111.
LaTeX Font Info:    Font shape `OT1/ptm/bx/it' in size <24> not available
(Font)              Font shape `OT1/ptm/b/it' tried instead on input line 1111.

\IEEEilabelindentA=\dimen104
\IEEEilabelindentB=\dimen105
\IEEEilabelindent=\dimen106
\IEEEelabelindent=\dimen107
\IEEEdlabelindent=\dimen108
\labelindent=\dimen109
\IEEEiednormlabelsep=\dimen110
\IEEEiedmathlabelsep=\dimen111
\IEEEiedtopsep=\skip44
\c@section=\count81
\c@subsection=\count82
\c@subsubsection=\count83
\c@paragraph=\count84
\c@IEEEsubequation=\count85
\abovecaptionskip=\skip45
\belowcaptionskip=\skip46
\c@figure=\count86
\c@table=\count87
\@IEEEeqnnumcols=\count88
\@IEEEeqncolcnt=\count89
\@IEEEtmpitemindent=\dimen112
\c@biography=\count90
\@IEEEtranrubishbin=\box26
)
** ATTENTION: Overriding command lockouts (line 10).
** ATTENTION: Overriding IEEE standard margins (line 13).
(/usr/share/texlive/texmf-dist/tex/latex/graphics/graphicx.sty
Package: graphicx 2014/10/28 v1.0g Enhanced LaTeX Graphics (DPC,SPQR)

(/usr/share/texlive/texmf-dist/tex/latex/graphics/keyval.sty
Package: keyval 2014/10/28 v1.15 key=value parser (DPC)
\KV@toks@=\toks15
)
(/usr/share/texlive/texmf-dist/tex/latex/graphics/graphics.sty
Package: graphics 2016/07/10 v1.0t Standard LaTeX Graphics (DPC,SPQR)

(/usr/share/texlive/texmf-dist/tex/latex/graphics/trig.sty
Package: trig 2016/01/03 v1.10 sin cos tan (DPC)
)
(/usr/share/texlive/texmf-dist/tex/latex/graphics-cfg/graphics.cfg
File: graphics.cfg 2016/06/04 v1.11 sample graphics configuration
)
Package graphics Info: Driver file: pdftex.def on input line 99.

(/usr/share/texlive/texmf-dist/tex/latex/graphics-def/pdftex.def
File: pdftex.def 2016/07/10 v0.06j Graphics/color for pdfTeX

(/usr/share/texlive/texmf-dist/tex/generic/oberdiek/infwarerr.sty
Package: infwarerr 2016/05/16 v1.4 Providing info/warning/error messages (HO)
)
(/usr/share/texlive/texmf-dist/tex/generic/oberdiek/ltxcmds.sty
Package: ltxcmds 2016/05/16 v1.23 LaTeX kernel commands for general use (HO)
)
\Gread@gobject=\count91
))
\Gin@req@height=\dimen113
\Gin@req@width=\dimen114
)
(/usr/share/texmf/tex/latex/CJK/CJKutf8.sty
Package: CJKutf8 2015/04/18 4.8.4

(/usr/share/texlive/texmf-dist/tex/generic/oberdiek/ifpdf.sty
Package: ifpdf 2016/05/14 v3.1 Provides the ifpdf switch
)
(/usr/share/texlive/texmf-dist/tex/latex/base/inputenc.sty
Package: inputenc 2015/03/17 v1.2c Input encoding file
\inpenc@prehook=\toks16
\inpenc@posthook=\toks17

(/usr/share/texlive/texmf-dist/tex/latex/base/utf8.def
File: utf8.def 2016/02/28 v1.1s UTF-8 support for inputenc
Now handling font encoding OML ...
... no UTF-8 mapping file for font encoding OML
Now handling font encoding T1 ...
... processing UTF-8 mapping file for font encoding T1

(/usr/share/texlive/texmf-dist/tex/latex/base/t1enc.dfu
File: t1enc.dfu 2016/02/28 v1.1s UTF-8 support for inputenc
   defining Unicode char U+00A0 (decimal 160)
   defining Unicode char U+00A1 (decimal 161)
   defining Unicode char U+00A3 (decimal 163)
   defining Unicode char U+00AB (decimal 171)
   defining Unicode char U+00AD (decimal 173)
   defining Unicode char U+00BB (decimal 187)
   defining Unicode char U+00BF (decimal 191)
   defining Unicode char U+00C0 (decimal 192)
   defining Unicode char U+00C1 (decimal 193)
   defining Unicode char U+00C2 (decimal 194)
   defining Unicode char U+00C3 (decimal 195)
   defining Unicode char U+00C4 (decimal 196)
   defining Unicode char U+00C5 (decimal 197)
   defining Unicode char U+00C6 (decimal 198)
   defining Unicode char U+00C7 (decimal 199)
   defining Unicode char U+00C8 (decimal 200)
   defining Unicode char U+00C9 (decimal 201)
   defining Unicode char U+00CA (decimal 202)
   defining Unicode char U+00CB (decimal 203)
   defining Unicode char U+00CC (decimal 204)
   defining Unicode char U+00CD (decimal 205)
   defining Unicode char U+00CE (decimal 206)
   defining Unicode char U+00CF (decimal 207)
   defining Unicode char U+00D0 (decimal 208)
   defining Unicode char U+00D1 (decimal 209)
   defining Unicode char U+00D2 (decimal 210)
   defining Unicode char U+00D3 (decimal 211)
   defining Unicode char U+00D4 (decimal 212)
   defining Unicode char U+00D5 (decimal 213)
   defining Unicode char U+00D6 (decimal 214)
   defining Unicode char U+00D8 (decimal 216)
   defining Unicode char U+00D9 (decimal 217)
   defining Unicode char U+00DA (decimal 218)
   defining Unicode char U+00DB (decimal 219)
   defining Unicode char U+00DC (decimal 220)
   defining Unicode char U+00DD (decimal 221)
   defining Unicode char U+00DE (decimal 222)
   defining Unicode char U+00DF (decimal 223)
   defining Unicode char U+00E0 (decimal 224)
   defining Unicode char U+00E1 (decimal 225)
   defining Unicode char U+00E2 (decimal 226)
   defining Unicode char U+00E3 (decimal 227)
   defining Unicode char U+00E4 (decimal 228)
   defining Unicode char U+00E5 (decimal 229)
   defining Unicode char U+00E6 (decimal 230)
   defining Unicode char U+00E7 (decimal 231)
   defining Unicode char U+00E8 (decimal 232)
   defining Unicode char U+00E9 (decimal 233)
   defining Unicode char U+00EA (decimal 234)
   defining Unicode char U+00EB (decimal 235)
   defining Unicode char U+00EC (decimal 236)
   defining Unicode char U+00ED (decimal 237)
   defining Unicode char U+00EE (decimal 238)
   defining Unicode char U+00EF (decimal 239)
   defining Unicode char U+00F0 (decimal 240)
   defining Unicode char U+00F1 (decimal 241)
   defining Unicode char U+00F2 (decimal 242)
   defining Unicode char U+00F3 (decimal 243)
   defining Unicode char U+00F4 (decimal 244)
   defining Unicode char U+00F5 (decimal 245)
   defining Unicode char U+00F6 (decimal 246)
   defining Unicode char U+00F8 (decimal 248)
   defining Unicode char U+00F9 (decimal 249)
   defining Unicode char U+00FA (decimal 250)
   defining Unicode char U+00FB (decimal 251)
   defining Unicode char U+00FC (decimal 252)
   defining Unicode char U+00FD (decimal 253)
   defining Unicode char U+00FE (decimal 254)
   defining Unicode char U+00FF (decimal 255)
   defining Unicode char U+0100 (decimal 256)
   defining Unicode char U+0101 (decimal 257)
   defining Unicode char U+0102 (decimal 258)
   defining Unicode char U+0103 (decimal 259)
   defining Unicode char U+0104 (decimal 260)
   defining Unicode char U+0105 (decimal 261)
   defining Unicode char U+0106 (decimal 262)
   defining Unicode char U+0107 (decimal 263)
   defining Unicode char U+0108 (decimal 264)
   defining Unicode char U+0109 (decimal 265)
   defining Unicode char U+010A (decimal 266)
   defining Unicode char U+010B (decimal 267)
   defining Unicode char U+010C (decimal 268)
   defining Unicode char U+010D (decimal 269)
   defining Unicode char U+010E (decimal 270)
   defining Unicode char U+010F (decimal 271)
   defining Unicode char U+0110 (decimal 272)
   defining Unicode char U+0111 (decimal 273)
   defining Unicode char U+0112 (decimal 274)
   defining Unicode char U+0113 (decimal 275)
   defining Unicode char U+0114 (decimal 276)
   defining Unicode char U+0115 (decimal 277)
   defining Unicode char U+0116 (decimal 278)
   defining Unicode char U+0117 (decimal 279)
   defining Unicode char U+0118 (decimal 280)
   defining Unicode char U+0119 (decimal 281)
   defining Unicode char U+011A (decimal 282)
   defining Unicode char U+011B (decimal 283)
   defining Unicode char U+011C (decimal 284)
   defining Unicode char U+011D (decimal 285)
   defining Unicode char U+011E (decimal 286)
   defining Unicode char U+011F (decimal 287)
   defining Unicode char U+0120 (decimal 288)
   defining Unicode char U+0121 (decimal 289)
   defining Unicode char U+0122 (decimal 290)
   defining Unicode char U+0123 (decimal 291)
   defining Unicode char U+0124 (decimal 292)
   defining Unicode char U+0125 (decimal 293)
   defining Unicode char U+0128 (decimal 296)
   defining Unicode char U+0129 (decimal 297)
   defining Unicode char U+012A (decimal 298)
   defining Unicode char U+012B (decimal 299)
   defining Unicode char U+012C (decimal 300)
   defining Unicode char U+012D (decimal 301)
   defining Unicode char U+012E (decimal 302)
   defining Unicode char U+012F (decimal 303)
   defining Unicode char U+0130 (decimal 304)
   defining Unicode char U+0131 (decimal 305)
   defining Unicode char U+0132 (decimal 306)
   defining Unicode char U+0133 (decimal 307)
   defining Unicode char U+0134 (decimal 308)
   defining Unicode char U+0135 (decimal 309)
   defining Unicode char U+0136 (decimal 310)
   defining Unicode char U+0137 (decimal 311)
   defining Unicode char U+0139 (decimal 313)
   defining Unicode char U+013A (decimal 314)
   defining Unicode char U+013B (decimal 315)
   defining Unicode char U+013C (decimal 316)
   defining Unicode char U+013D (decimal 317)
   defining Unicode char U+013E (decimal 318)
   defining Unicode char U+0141 (decimal 321)
   defining Unicode char U+0142 (decimal 322)
   defining Unicode char U+0143 (decimal 323)
   defining Unicode char U+0144 (decimal 324)
   defining Unicode char U+0145 (decimal 325)
   defining Unicode char U+0146 (decimal 326)
   defining Unicode char U+0147 (decimal 327)
   defining Unicode char U+0148 (decimal 328)
   defining Unicode char U+014A (decimal 330)
   defining Unicode char U+014B (decimal 331)
   defining Unicode char U+014C (decimal 332)
   defining Unicode char U+014D (decimal 333)
   defining Unicode char U+014E (decimal 334)
   defining Unicode char U+014F (decimal 335)
   defining Unicode char U+0150 (decimal 336)
   defining Unicode char U+0151 (decimal 337)
   defining Unicode char U+0152 (decimal 338)
   defining Unicode char U+0153 (decimal 339)
   defining Unicode char U+0154 (decimal 340)
   defining Unicode char U+0155 (decimal 341)
   defining Unicode char U+0156 (decimal 342)
   defining Unicode char U+0157 (decimal 343)
   defining Unicode char U+0158 (decimal 344)
   defining Unicode char U+0159 (decimal 345)
   defining Unicode char U+015A (decimal 346)
   defining Unicode char U+015B (decimal 347)
   defining Unicode char U+015C (decimal 348)
   defining Unicode char U+015D (decimal 349)
   defining Unicode char U+015E (decimal 350)
   defining Unicode char U+015F (decimal 351)
   defining Unicode char U+0160 (decimal 352)
   defining Unicode char U+0161 (decimal 353)
   defining Unicode char U+0162 (decimal 354)
   defining Unicode char U+0163 (decimal 355)
   defining Unicode char U+0164 (decimal 356)
   defining Unicode char U+0165 (decimal 357)
   defining Unicode char U+0168 (decimal 360)
   defining Unicode char U+0169 (decimal 361)
   defining Unicode char U+016A (decimal 362)
   defining Unicode char U+016B (decimal 363)
   defining Unicode char U+016C (decimal 364)
   defining Unicode char U+016D (decimal 365)
   defining Unicode char U+016E (decimal 366)
   defining Unicode char U+016F (decimal 367)
   defining Unicode char U+0170 (decimal 368)
   defining Unicode char U+0171 (decimal 369)
   defining Unicode char U+0172 (decimal 370)
   defining Unicode char U+0173 (decimal 371)
   defining Unicode char U+0174 (decimal 372)
   defining Unicode char U+0175 (decimal 373)
   defining Unicode char U+0176 (decimal 374)
   defining Unicode char U+0177 (decimal 375)
   defining Unicode char U+0178 (decimal 376)
   defining Unicode char U+0179 (decimal 377)
   defining Unicode char U+017A (decimal 378)
   defining Unicode char U+017B (decimal 379)
   defining Unicode char U+017C (decimal 380)
   defining Unicode char U+017D (decimal 381)
   defining Unicode char U+017E (decimal 382)
   defining Unicode char U+01CD (decimal 461)
   defining Unicode char U+01CE (decimal 462)
   defining Unicode char U+01CF (decimal 463)
   defining Unicode char U+01D0 (decimal 464)
   defining Unicode char U+01D1 (decimal 465)
   defining Unicode char U+01D2 (decimal 466)
   defining Unicode char U+01D3 (decimal 467)
   defining Unicode char U+01D4 (decimal 468)
   defining Unicode char U+01E2 (decimal 482)
   defining Unicode char U+01E3 (decimal 483)
   defining Unicode char U+01E6 (decimal 486)
   defining Unicode char U+01E7 (decimal 487)
   defining Unicode char U+01E8 (decimal 488)
   defining Unicode char U+01E9 (decimal 489)
   defining Unicode char U+01EA (decimal 490)
   defining Unicode char U+01EB (decimal 491)
   defining Unicode char U+01F0 (decimal 496)
   defining Unicode char U+01F4 (decimal 500)
   defining Unicode char U+01F5 (decimal 501)
   defining Unicode char U+0218 (decimal 536)
   defining Unicode char U+0219 (decimal 537)
   defining Unicode char U+021A (decimal 538)
   defining Unicode char U+021B (decimal 539)
   defining Unicode char U+1E02 (decimal 7682)
   defining Unicode char U+1E03 (decimal 7683)
   defining Unicode char U+200C (decimal 8204)
   defining Unicode char U+2010 (decimal 8208)
   defining Unicode char U+2011 (decimal 8209)
   defining Unicode char U+2012 (decimal 8210)
   defining Unicode char U+2013 (decimal 8211)
   defining Unicode char U+2014 (decimal 8212)
   defining Unicode char U+2015 (decimal 8213)
   defining Unicode char U+2018 (decimal 8216)
   defining Unicode char U+2019 (decimal 8217)
   defining Unicode char U+201A (decimal 8218)
   defining Unicode char U+201C (decimal 8220)
   defining Unicode char U+201D (decimal 8221)
   defining Unicode char U+201E (decimal 8222)
   defining Unicode char U+2030 (decimal 8240)
   defining Unicode char U+2031 (decimal 8241)
   defining Unicode char U+2039 (decimal 8249)
   defining Unicode char U+203A (decimal 8250)
   defining Unicode char U+2423 (decimal 9251)
)
Now handling font encoding OT1 ...
... processing UTF-8 mapping file for font encoding OT1

(/usr/share/texlive/texmf-dist/tex/latex/base/ot1enc.dfu
File: ot1enc.dfu 2016/02/28 v1.1s UTF-8 support for inputenc
   defining Unicode char U+00A0 (decimal 160)
   defining Unicode char U+00A1 (decimal 161)
   defining Unicode char U+00A3 (decimal 163)
   defining Unicode char U+00AD (decimal 173)
   defining Unicode char U+00B8 (decimal 184)
   defining Unicode char U+00BF (decimal 191)
   defining Unicode char U+00C5 (decimal 197)
   defining Unicode char U+00C6 (decimal 198)
   defining Unicode char U+00D8 (decimal 216)
   defining Unicode char U+00DF (decimal 223)
   defining Unicode char U+00E6 (decimal 230)
   defining Unicode char U+00EC (decimal 236)
   defining Unicode char U+00ED (decimal 237)
   defining Unicode char U+00EE (decimal 238)
   defining Unicode char U+00EF (decimal 239)
   defining Unicode char U+00F8 (decimal 248)
   defining Unicode char U+0131 (decimal 305)
   defining Unicode char U+0141 (decimal 321)
   defining Unicode char U+0142 (decimal 322)
   defining Unicode char U+0152 (decimal 338)
   defining Unicode char U+0153 (decimal 339)
   defining Unicode char U+0174 (decimal 372)
   defining Unicode char U+0175 (decimal 373)
   defining Unicode char U+0176 (decimal 374)
   defining Unicode char U+0177 (decimal 375)
   defining Unicode char U+0218 (decimal 536)
   defining Unicode char U+0219 (decimal 537)
   defining Unicode char U+021A (decimal 538)
   defining Unicode char U+021B (decimal 539)
   defining Unicode char U+2013 (decimal 8211)
   defining Unicode char U+2014 (decimal 8212)
   defining Unicode char U+2018 (decimal 8216)
   defining Unicode char U+2019 (decimal 8217)
   defining Unicode char U+201C (decimal 8220)
   defining Unicode char U+201D (decimal 8221)
)
Now handling font encoding OMS ...
... processing UTF-8 mapping file for font encoding OMS

(/usr/share/texlive/texmf-dist/tex/latex/base/omsenc.dfu
File: omsenc.dfu 2016/02/28 v1.1s UTF-8 support for inputenc
   defining Unicode char U+00A7 (decimal 167)
   defining Unicode char U+00B6 (decimal 182)
   defining Unicode char U+00B7 (decimal 183)
   defining Unicode char U+2020 (decimal 8224)
   defining Unicode char U+2021 (decimal 8225)
   defining Unicode char U+2022 (decimal 8226)
)
Now handling font encoding OMX ...
... no UTF-8 mapping file for font encoding OMX
Now handling font encoding U ...
... no UTF-8 mapping file for font encoding U
   defining Unicode char U+00A9 (decimal 169)
   defining Unicode char U+00AA (decimal 170)
   defining Unicode char U+00AE (decimal 174)
   defining Unicode char U+00BA (decimal 186)
   defining Unicode char U+02C6 (decimal 710)
   defining Unicode char U+02DC (decimal 732)
   defining Unicode char U+200C (decimal 8204)
   defining Unicode char U+2026 (decimal 8230)
   defining Unicode char U+2122 (decimal 8482)
   defining Unicode char U+2423 (decimal 9251)
))
(/usr/share/texmf/tex/latex/CJK/CJK.sty
Package: CJK 2015/04/18 4.8.4

(/usr/share/texmf/tex/latex/CJK/mule/MULEenc.sty
Package: MULEenc 2015/04/18 4.8.4
)
(/usr/share/texmf/tex/latex/CJK/CJK.enc
File: CJK.enc 2015/04/18 4.8.4
Now handling font encoding C00 ...
... no UTF-8 mapping file for font encoding C00
Now handling font encoding C05 ...
... no UTF-8 mapping file for font encoding C05
Now handling font encoding C09 ...
... no UTF-8 mapping file for font encoding C09
Now handling font encoding C10 ...
... no UTF-8 mapping file for font encoding C10
Now handling font encoding C20 ...
... no UTF-8 mapping file for font encoding C20
Now handling font encoding C19 ...
... no UTF-8 mapping file for font encoding C19
Now handling font encoding C40 ...
... no UTF-8 mapping file for font encoding C40
Now handling font encoding C42 ...
... no UTF-8 mapping file for font encoding C42
Now handling font encoding C43 ...
... no UTF-8 mapping file for font encoding C43
Now handling font encoding C50 ...
... no UTF-8 mapping file for font encoding C50
Now handling font encoding C52 ...
... no UTF-8 mapping file for font encoding C52
Now handling font encoding C49 ...
... no UTF-8 mapping file for font encoding C49
Now handling font encoding C60 ...
... no UTF-8 mapping file for font encoding C60
Now handling font encoding C61 ...
... no UTF-8 mapping file for font encoding C61
Now handling font encoding C63 ...
... no UTF-8 mapping file for font encoding C63
Now handling font encoding C64 ...
... no UTF-8 mapping file for font encoding C64
Now handling font encoding C65 ...
... no UTF-8 mapping file for font encoding C65
Now handling font encoding C70 ...
... no UTF-8 mapping file for font encoding C70
Now handling font encoding C31 ...
... no UTF-8 mapping file for font encoding C31
Now handling font encoding C32 ...
... no UTF-8 mapping file for font encoding C32
Now handling font encoding C33 ...
... no UTF-8 mapping file for font encoding C33
Now handling font encoding C34 ...
... no UTF-8 mapping file for font encoding C34
Now handling font encoding C35 ...
... no UTF-8 mapping file for font encoding C35
Now handling font encoding C36 ...
... no UTF-8 mapping file for font encoding C36
Now handling font encoding C37 ...
... no UTF-8 mapping file for font encoding C37
Now handling font encoding C80 ...
... no UTF-8 mapping file for font encoding C80
Now handling font encoding C81 ...
... no UTF-8 mapping file for font encoding C81
Now handling font encoding C01 ...
... no UTF-8 mapping file for font encoding C01
Now handling font encoding C11 ...
... no UTF-8 mapping file for font encoding C11
Now handling font encoding C21 ...
... no UTF-8 mapping file for font encoding C21
Now handling font encoding C41 ...
... no UTF-8 mapping file for font encoding C41
Now handling font encoding C62 ...
... no UTF-8 mapping file for font encoding C62
)
LaTeX Info: Redefining \selectfont on input line 755.
\CJK@indent=\box27
)
(/usr/share/texlive/texmf-dist/tex/latex/base/fontenc.sty
Package: fontenc 2016/06/19 v1.99m Standard LaTeX package
))
(/usr/share/texlive/texmf-dist/tex/latex/setspace/setspace.sty
Package: setspace 2011/12/19 v6.7a set line spacing
)
(/usr/share/texlive/texmf-dist/tex/latex/url/url.sty
\Urlmuskip=\muskip10
Package: url 2013/09/16  ver 3.4  Verb mode for urls, etc.
)
(/usr/share/texlive/texmf-dist/tex/latex/hyperref/hyperref.sty
Package: hyperref 2016/06/24 v6.83q Hypertext links for LaTeX

(/usr/share/texlive/texmf-dist/tex/generic/oberdiek/hobsub-hyperref.sty
Package: hobsub-hyperref 2016/05/16 v1.14 Bundle oberdiek, subset hyperref (HO)


(/usr/share/texlive/texmf-dist/tex/generic/oberdiek/hobsub-generic.sty
Package: hobsub-generic 2016/05/16 v1.14 Bundle oberdiek, subset generic (HO)
Package: hobsub 2016/05/16 v1.14 Construct package bundles (HO)
Package hobsub Info: Skipping package `infwarerr' (already loaded).
Package hobsub Info: Skipping package `ltxcmds' (already loaded).
Package: ifluatex 2016/05/16 v1.4 Provides the ifluatex switch (HO)
Package ifluatex Info: LuaTeX not detected.
Package: ifvtex 2016/05/16 v1.6 Detect VTeX and its facilities (HO)
Package ifvtex Info: VTeX not detected.
Package: intcalc 2016/05/16 v1.2 Expandable calculations with integers (HO)
Package hobsub Info: Skipping package `ifpdf' (already loaded).
Package: etexcmds 2016/05/16 v1.6 Avoid name clashes with e-TeX commands (HO)
Package etexcmds Info: Could not find \expanded.
(etexcmds)             That can mean that you are not using pdfTeX 1.50 or
(etexcmds)             that some package has redefined \expanded.
(etexcmds)             In the latter case, load this package earlier.
Package: kvsetkeys 2016/05/16 v1.17 Key value parser (HO)
Package: kvdefinekeys 2016/05/16 v1.4 Define keys (HO)
Package: pdftexcmds 2016/05/21 v0.22 Utility functions of pdfTeX for LuaTeX (HO
)
Package pdftexcmds Info: LuaTeX not detected.
Package pdftexcmds Info: \pdf@primitive is available.
Package pdftexcmds Info: \pdf@ifprimitive is available.
Package pdftexcmds Info: \pdfdraftmode found.
Package: pdfescape 2016/05/16 v1.14 Implements pdfTeX's escape features (HO)
Package: bigintcalc 2016/05/16 v1.4 Expandable calculations on big integers (HO
)
Package: bitset 2016/05/16 v1.2 Handle bit-vector datatype (HO)
Package: uniquecounter 2016/05/16 v1.3 Provide unlimited unique counter (HO)
)
Package hobsub Info: Skipping package `hobsub' (already loaded).
Package: letltxmacro 2016/05/16 v1.5 Let assignment for LaTeX macros (HO)
Package: hopatch 2016/05/16 v1.3 Wrapper for package hooks (HO)
Package: xcolor-patch 2016/05/16 xcolor patch
Package: atveryend 2016/05/16 v1.9 Hooks at the very end of document (HO)
Package atveryend Info: \enddocument detected (standard20110627).
Package: atbegshi 2016/06/09 v1.18 At begin shipout hook (HO)
Package: refcount 2016/05/16 v3.5 Data extraction from label references (HO)
Package: hycolor 2016/05/16 v1.8 Color options for hyperref/bookmark (HO)
)
(/usr/share/texlive/texmf-dist/tex/generic/ifxetex/ifxetex.sty
Package: ifxetex 2010/09/12 v0.6 Provides ifxetex conditional
)
(/usr/share/texlive/texmf-dist/tex/latex/oberdiek/auxhook.sty
Package: auxhook 2016/05/16 v1.4 Hooks for auxiliary files (HO)
)
(/usr/share/texlive/texmf-dist/tex/latex/oberdiek/kvoptions.sty
Package: kvoptions 2016/05/16 v3.12 Key value format for package options (HO)
)
\@linkdim=\dimen115
\Hy@linkcounter=\count92
\Hy@pagecounter=\count93

(/usr/share/texlive/texmf-dist/tex/latex/hyperref/pd1enc.def
File: pd1enc.def 2016/06/24 v6.83q Hyperref: PDFDocEncoding definition (HO)
Now handling font encoding PD1 ...
... no UTF-8 mapping file for font encoding PD1
)
\Hy@SavedSpaceFactor=\count94

(/usr/share/texlive/texmf-dist/tex/latex/latexconfig/hyperref.cfg
File: hyperref.cfg 2002/06/06 v1.2 hyperref configuration of TeXLive
)
Package hyperref Info: Hyper figures OFF on input line 4486.
Package hyperref Info: Link nesting OFF on input line 4491.
Package hyperref Info: Hyper index ON on input line 4494.
Package hyperref Info: Plain pages OFF on input line 4501.
Package hyperref Info: Backreferencing OFF on input line 4506.
Package hyperref Info: Implicit mode ON; LaTeX internals redefined.
Package hyperref Info: Bookmarks ON on input line 4735.
\c@Hy@tempcnt=\count95
LaTeX Info: Redefining \url on input line 5088.
\XeTeXLinkMargin=\dimen116
\Fld@menulength=\count96
\Field@Width=\dimen117
\Fld@charsize=\dimen118
Package hyperref Info: Hyper figures OFF on input line 6342.
Package hyperref Info: Link nesting OFF on input line 6347.
Package hyperref Info: Hyper index ON on input line 6350.
Package hyperref Info: backreferencing OFF on input line 6357.
Package hyperref Info: Link coloring OFF on input line 6362.
Package hyperref Info: Link coloring with OCG OFF on input line 6367.
Package hyperref Info: PDF/A mode OFF on input line 6372.
LaTeX Info: Redefining \ref on input line 6412.
LaTeX Info: Redefining \pageref on input line 6416.
\Hy@abspage=\count97
\c@Item=\count98
\c@Hfootnote=\count99
)

Package hyperref Message: Driver (autodetected): hpdftex.

(/usr/share/texlive/texmf-dist/tex/latex/hyperref/hpdftex.def
File: hpdftex.def 2016/06/24 v6.83q Hyperref driver for pdfTeX
\Fld@listcount=\count100
\c@bookmark@seq@number=\count101

(/usr/share/texlive/texmf-dist/tex/latex/oberdiek/rerunfilecheck.sty
Package: rerunfilecheck 2016/05/16 v1.8 Rerun checks for auxiliary files (HO)
Package uniquecounter Info: New unique counter `rerunfilecheck' on input line 2
82.
)
\Hy@SectionHShift=\skip47
)
(/usr/share/texlive/texmf-dist/tex/latex/booktabs/booktabs.sty
Package: booktabs 2016/04/27 v1.618033 publication quality tables
\heavyrulewidth=\dimen119
\lightrulewidth=\dimen120
\cmidrulewidth=\dimen121
\belowrulesep=\dimen122
\belowbottomsep=\dimen123
\aboverulesep=\dimen124
\abovetopsep=\dimen125
\cmidrulesep=\dimen126
\cmidrulekern=\dimen127
\defaultaddspace=\dimen128
\@cmidla=\count102
\@cmidlb=\count103
\@aboverulesep=\dimen129
\@belowrulesep=\dimen130
\@thisruleclass=\count104
\@lastruleclass=\count105
\@thisrulewidth=\dimen131
)
(/usr/share/texlive/texmf-dist/tex/latex/tools/longtable.sty
Package: longtable 2014/10/28 v4.11 Multi-page Table package (DPC)
\LTleft=\skip48
\LTright=\skip49
\LTpre=\skip50
\LTpost=\skip51
\LTchunksize=\count106
\LTcapwidth=\dimen132
\LT@head=\box28
\LT@firsthead=\box29
\LT@foot=\box30
\LT@lastfoot=\box31
\LT@cols=\count107
\LT@rows=\count108
\c@LT@tables=\count109
\c@LT@chunks=\count110
\LT@p@ftn=\toks18
)
(/usr/share/texlive/texmf-dist/tex/latex/tools/array.sty
Package: array 2014/10/28 v2.4c Tabular extension package (FMi)
\col@sep=\dimen133
\extrarowheight=\dimen134
\NC@list=\toks19
\extratabsurround=\skip52
\backup@length=\skip53
)
(/usr/share/texlive/texmf-dist/tex/latex/graphics/lscape.sty
Package: lscape 2000/10/22 v3.01 Landscape Pages (DPC)
)
(/usr/share/texlive/texmf-dist/tex/latex/caption/caption.sty
Package: caption 2016/02/21 v3.3-144 Customizing captions (AR)

(/usr/share/texlive/texmf-dist/tex/latex/caption/caption3.sty
Package: caption3 2016/05/22 v1.7-166 caption3 kernel (AR)
Package caption3 Info: TeX engine: e-TeX on input line 67.
\captionmargin=\dimen135
\captionmargin@=\dimen136
\captionwidth=\dimen137
\caption@tempdima=\dimen138
\caption@indent=\dimen139
\caption@parindent=\dimen140
\caption@hangindent=\dimen141
Package caption Info: Unknown document class (or package),
(caption)             standard defaults will be used.
)

Package caption Warning: Unsupported document class (or package) detected,
(caption)                usage of the caption package is not recommended.
See the caption package documentation for explanation.

Package caption Info: \@makecaption = \long macro:#1#2->\ifx \@captype \@IEEEta
blestring \begin {center}{\footnotesize #1:~~ #2}\end {center}\@IEEEtablecaptio
nsepspace \else \@IEEEfigurecaptionsepspace \setbox \@tempboxa \hbox {\footnote
size #1.~~ #2}\ifdim \wd \@tempboxa >\hsize \setbox \@tempboxa \hbox {\footnote
size #1.~~ }\parbox [t]{\hsize }{\footnotesize \noindent \unhbox \@tempboxa #2}
\else \ifcenterfigcaptions \hbox to\hsize {\footnotesize \hfil \box \@tempboxa 
\hfil }\else \hbox to\hsize {\footnotesize \box \@tempboxa \hfil }\fi \fi \fi .

\c@ContinuedFloat=\count111
Package caption Info: hyperref package is loaded.
Package caption Info: longtable package is loaded.
(/usr/share/texlive/texmf-dist/tex/latex/caption/ltcaption.sty
Package: ltcaption 2013/06/09 v1.4-94 longtable captions (AR)
))
(/usr/share/texlive/texmf-dist/tex/latex/cite/cite.sty
LaTeX Info: Redefining \cite on input line 302.
LaTeX Info: Redefining \nocite on input line 332.
Package: cite 2015/02/27  v 5.5
) (./main.aux)
\openout1 = `main.aux'.

LaTeX Font Info:    Checking defaults for OML/cmm/m/it on input line 47.
LaTeX Font Info:    ... okay on input line 47.
LaTeX Font Info:    Checking defaults for T1/cmr/m/n on input line 47.
LaTeX Font Info:    ... okay on input line 47.
LaTeX Font Info:    Checking defaults for OT1/cmr/m/n on input line 47.
LaTeX Font Info:    ... okay on input line 47.
LaTeX Font Info:    Checking defaults for OMS/cmsy/m/n on input line 47.
LaTeX Font Info:    ... okay on input line 47.
LaTeX Font Info:    Checking defaults for OMX/cmex/m/n on input line 47.
LaTeX Font Info:    ... okay on input line 47.
LaTeX Font Info:    Checking defaults for U/cmr/m/n on input line 47.
LaTeX Font Info:    ... okay on input line 47.
LaTeX Font Info:    Checking defaults for C00/song/m/n on input line 47.
LaTeX Font Info:    ... okay on input line 47.
LaTeX Font Info:    Checking defaults for C05/song/m/n on input line 47.
LaTeX Font Info:    ... okay on input line 47.
LaTeX Font Info:    Checking defaults for C09/song/m/n on input line 47.
LaTeX Font Info:    ... okay on input line 47.
LaTeX Font Info:    Checking defaults for C10/song/m/n on input line 47.
LaTeX Font Info:    ... okay on input line 47.
LaTeX Font Info:    Checking defaults for C20/song/m/n on input line 47.
LaTeX Font Info:    ... okay on input line 47.
LaTeX Font Info:    Checking defaults for C19/song/m/n on input line 47.
LaTeX Font Info:    ... okay on input line 47.
LaTeX Font Info:    Checking defaults for C40/song/m/n on input line 47.
LaTeX Font Info:    ... okay on input line 47.
LaTeX Font Info:    Checking defaults for C42/song/m/n on input line 47.
LaTeX Font Info:    ... okay on input line 47.
LaTeX Font Info:    Checking defaults for C43/song/m/n on input line 47.
LaTeX Font Info:    ... okay on input line 47.
LaTeX Font Info:    Checking defaults for C50/song/m/n on input line 47.
LaTeX Font Info:    ... okay on input line 47.
LaTeX Font Info:    Checking defaults for C52/song/m/n on input line 47.
LaTeX Font Info:    ... okay on input line 47.
LaTeX Font Info:    Checking defaults for C49/song/m/n on input line 47.
LaTeX Font Info:    ... okay on input line 47.
LaTeX Font Info:    Checking defaults for C60/mj/m/n on input line 47.
LaTeX Font Info:    ... okay on input line 47.
LaTeX Font Info:    Checking defaults for C61/mj/m/n on input line 47.
LaTeX Font Info:    ... okay on input line 47.
LaTeX Font Info:    Checking defaults for C63/mj/m/n on input line 47.
LaTeX Font Info:    ... okay on input line 47.
LaTeX Font Info:    Checking defaults for C64/mj/m/n on input line 47.
LaTeX Font Info:    ... okay on input line 47.
LaTeX Font Info:    Checking defaults for C65/mj/m/n on input line 47.
LaTeX Font Info:    ... okay on input line 47.
LaTeX Font Info:    Checking defaults for C70/song/m/n on input line 47.
LaTeX Font Info:    ... okay on input line 47.
LaTeX Font Info:    Checking defaults for C31/song/m/n on input line 47.
LaTeX Font Info:    ... okay on input line 47.
LaTeX Font Info:    Checking defaults for C32/song/m/n on input line 47.
LaTeX Font Info:    ... okay on input line 47.
LaTeX Font Info:    Checking defaults for C33/song/m/n on input line 47.
LaTeX Font Info:    ... okay on input line 47.
LaTeX Font Info:    Checking defaults for C34/song/m/n on input line 47.
LaTeX Font Info:    ... okay on input line 47.
LaTeX Font Info:    Checking defaults for C35/song/m/n on input line 47.
LaTeX Font Info:    ... okay on input line 47.
LaTeX Font Info:    Checking defaults for C36/song/m/n on input line 47.
LaTeX Font Info:    ... okay on input line 47.
LaTeX Font Info:    Checking defaults for C37/song/m/n on input line 47.
LaTeX Font Info:    ... okay on input line 47.
LaTeX Font Info:    Checking defaults for C80/song/m/n on input line 47.
LaTeX Font Info:    ... okay on input line 47.
LaTeX Font Info:    Checking defaults for C81/song/m/n on input line 47.
LaTeX Font Info:    ... okay on input line 47.
LaTeX Font Info:    Checking defaults for C01/song/m/n on input line 47.
LaTeX Font Info:    ... okay on input line 47.
LaTeX Font Info:    Checking defaults for C11/song/m/n on input line 47.
LaTeX Font Info:    ... okay on input line 47.
LaTeX Font Info:    Checking defaults for C21/song/m/n on input line 47.
LaTeX Font Info:    ... okay on input line 47.
LaTeX Font Info:    Checking defaults for C41/song/m/n on input line 47.
LaTeX Font Info:    ... okay on input line 47.
LaTeX Font Info:    Checking defaults for C62/song/m/n on input line 47.
LaTeX Font Info:    ... okay on input line 47.
LaTeX Font Info:    Checking defaults for PD1/pdf/m/n on input line 47.
LaTeX Font Info:    ... okay on input line 47.

(/usr/share/texlive/texmf-dist/tex/context/base/mkii/supp-pdf.mkii
[Loading MPS to PDF converter (version 2006.09.02).]
\scratchcounter=\count112
\scratchdimen=\dimen142
\scratchbox=\box32
\nofMPsegments=\count113
\nofMParguments=\count114
\everyMPshowfont=\toks20
\MPscratchCnt=\count115
\MPscratchDim=\dimen143
\MPnumerator=\count116
\makeMPintoPDFobject=\count117
\everyMPtoPDFconversion=\toks21
) (/usr/share/texlive/texmf-dist/tex/latex/oberdiek/epstopdf-base.sty
Package: epstopdf-base 2016/05/15 v2.6 Base part for package epstopdf

(/usr/share/texlive/texmf-dist/tex/latex/oberdiek/grfext.sty
Package: grfext 2016/05/16 v1.2 Manage graphics extensions (HO)
)
Package epstopdf-base Info: Redefining graphics rule for `.eps' on input line 4
38.
Package grfext Info: Graphics extension search list:
(grfext)             [.png,.pdf,.jpg,.mps,.jpeg,.jbig2,.jb2,.PNG,.PDF,.JPG,.JPE
G,.JBIG2,.JB2,.eps]
(grfext)             \AppendGraphicsExtensions on input line 456.

(/usr/share/texlive/texmf-dist/tex/latex/latexconfig/epstopdf-sys.cfg
File: epstopdf-sys.cfg 2010/07/13 v1.3 Configuration of (r)epstopdf for TeX Liv
e
))
\AtBeginShipoutBox=\box33
Package hyperref Info: Link coloring OFF on input line 47.

(/usr/share/texlive/texmf-dist/tex/latex/hyperref/nameref.sty
Package: nameref 2016/05/21 v2.44 Cross-referencing by name of section

(/usr/share/texlive/texmf-dist/tex/generic/oberdiek/gettitlestring.sty
Package: gettitlestring 2016/05/16 v1.5 Cleanup title references (HO)
)
\c@section@level=\count118
)
LaTeX Info: Redefining \ref on input line 47.
LaTeX Info: Redefining \pageref on input line 47.
LaTeX Info: Redefining \nameref on input line 47.

(./main.out) (./main.out)
\@outlinefile=\write3
\openout3 = `main.out'.

Package caption Info: Begin \AtBeginDocument code.
Package caption Info: End \AtBeginDocument code.
 (/usr/share/texmf/tex/latex/CJK/UTF8/UTF8.bdg
File: UTF8.bdg 2015/04/18 4.8.4
)
(/usr/share/texmf/tex/latex/CJK/UTF8/UTF8.enc
File: UTF8.enc 2015/04/18 4.8.4
)
(/usr/share/texmf/tex/latex/CJK/UTF8/UTF8.chr
File: UTF8.chr 2015/04/18 4.8.4
)
LaTeX Font Info:    Try loading font information for C70+bsmi on input line 64.


(/usr/share/texmf/tex/latex/CJK/UTF8/c70bsmi.fd
File: c70bsmi.fd 2008/10/03 4.8.1
)
(/usr/share/texmf/tex/latex/CJK/UTF8/c70bsmi.fdx
File: c70bsmi.fdx 2012/05/07 4.8.3
)
LaTeX Font Info:    Calculating math sizes for size <16> on input line 64.


LaTeX Font Warning: Font shape `OT1/cmr/m/n' in size <16> not available
(Font)              size <17.28> substituted on input line 64.


LaTeX Font Warning: Font shape `OML/cmm/m/it' in size <16> not available
(Font)              size <17.28> substituted on input line 64.


LaTeX Font Warning: Font shape `OMS/cmsy/m/n' in size <16> not available
(Font)              size <17.28> substituted on input line 64.

LaTeX Font Info:    External font `cmex10' loaded for size
(Font)              <16> on input line 64.
LaTeX Font Info:    External font `cmex10' loaded for size
(Font)              <11.19995> on input line 64.
LaTeX Font Info:    External font `cmex10' loaded for size
(Font)              <8> on input line 64.
LaTeX Font Info:    Calculating math sizes for size <11> on input line 64.
LaTeX Font Info:    External font `cmex10' loaded for size
(Font)              <11> on input line 64.
LaTeX Font Info:    External font `cmex10' loaded for size
(Font)              <7.69997> on input line 64.
LaTeX Font Info:    External font `cmex10' loaded for size
(Font)              <5.5> on input line 64.
LaTeX Font Info:    External font `cmex10' loaded for size
(Font)              <6> on input line 64.
LaTeX Font Info:    External font `cmex10' loaded for size
(Font)              <5> on input line 64.
LaTeX Font Info:    Try loading font information for OT1+pcr on input line 64.
(/usr/share/texlive/texmf-dist/tex/latex/psnfss/ot1pcr.fd
File: ot1pcr.fd 2001/06/04 font definitions for OT1/pcr.
)
Underfull \hbox (badness 1762) in paragraph at lines 69--76
[]\C70/bsmi/bx/n/9/64 X[][] \C70/bsmi/bx/n/9/89 Å[][] \OT1/ptm/b/n/9 --- \C70/b
smi/bx/n/9/67 ,[][] \C70/bsmi/bx/n/9/78 ^^T[][] \C70/bsmi/bx/n/9/7a v[][] \C70/
bsmi/bx/n/9/56 ^^W[][] \C70/bsmi/bx/n/9/8a f[][] \C70/bsmi/bx/n/9/4f ^^?[][] \C
70/bsmi/bx/n/9/75 ([][] \C70/bsmi/bx/n/9/95 ‹[][] \C70/bsmi/bx/n/9/93 u[][] \C7
0/bsmi/bx/n/9/5b W[][] \C70/bsmi/bx/n/9/64 ˜[][] \C70/bsmi/bx/n/9/53 ÷[][] \C70
/bsmi/bx/n/9/ff ^^H[][]\OT1/ptm/b/n/9 keyword
 []


LaTeX Font Warning: Font shape `C70/bsmi/m/sc' undefined
(Font)              using `C70/bsmi/m/n' instead on input line 84.


LaTeX Font Warning: Font shape `C70/bsmi/m/it' undefined
(Font)              using `C70/bsmi/m/n' instead on input line 108.

[1{/var/lib/texmf/fonts/map/pdftex/updmap/pdftex.map}


]
Underfull \vbox (badness 1895) has occurred while \output is active []

 [2]
LaTeX Font Info:    External font `cmex10' loaded for size
(Font)              <7> on input line 254.

[3] [4] <quantity_time_graph_ng.png, id=216, 584.1825pt x 320.19624pt>
File: quantity_time_graph_ng.png Graphic file (type png)

<use quantity_time_graph_ng.png>
Package pdftex.def Info: quantity_time_graph_ng.png used on input line 590.
(pdftex.def)             Requested size: 245.71811pt x 134.68181pt.

<quantity_time_cumulative_graph.png, id=218, 428.92245pt x 312.2064pt>
File: quantity_time_cumulative_graph.png Graphic file (type png)

<use quantity_time_cumulative_graph.png>
Package pdftex.def Info: quantity_time_cumulative_graph.png used on input line 
597.
(pdftex.def)             Requested size: 221.14479pt x 160.9715pt.

<ts01.png, id=219, 575.44987pt x 447.17062pt>
File: ts01.png Graphic file (type png)
 <use ts01.png>
Package pdftex.def Info: ts01.png used on input line 604.
(pdftex.def)             Requested size: 201.49065pt x 156.57347pt.

<ts02.png, id=220, 575.44987pt x 448.074pt>
File: ts02.png Graphic file (type png)
 <use ts02.png>
Package pdftex.def Info: ts02.png used on input line 605.
(pdftex.def)             Requested size: 201.49065pt x 156.88977pt.

<ts03.png, id=221, 575.44987pt x 448.074pt>
File: ts03.png Graphic file (type png)
 <use ts03.png>
Package pdftex.def Info: ts03.png used on input line 606.
(pdftex.def)             Requested size: 201.49065pt x 156.88977pt.

<ts04.png, id=222, 575.44987pt x 448.074pt>
File: ts04.png Graphic file (type png)
 <use ts04.png>
Package pdftex.def Info: ts04.png used on input line 614.
(pdftex.def)             Requested size: 201.49065pt x 156.88977pt.

<ts05.png, id=223, 575.44987pt x 448.97737pt>
File: ts05.png Graphic file (type png)
 <use ts05.png>
Package pdftex.def Info: ts05.png used on input line 615.
(pdftex.def)             Requested size: 201.49065pt x 157.20609pt.

<ts06.png, id=224, 575.44987pt x 448.074pt>
File: ts06.png Graphic file (type png)
 <use ts06.png>
Package pdftex.def Info: ts06.png used on input line 616.
(pdftex.def)             Requested size: 201.49065pt x 156.88977pt.

<ts07.png, id=225, 575.44987pt x 448.074pt>
File: ts07.png Graphic file (type png)
 <use ts07.png>
Package pdftex.def Info: ts07.png used on input line 617.
(pdftex.def)             Requested size: 201.49065pt x 156.88977pt.

<ts09.png, id=226, 575.44987pt x 448.97737pt>
File: ts09.png Graphic file (type png)
 <use ts09.png>
Package pdftex.def Info: ts09.png used on input line 624.
(pdftex.def)             Requested size: 201.49065pt x 157.20609pt.

<ts10.png, id=227, 575.44987pt x 448.074pt>
File: ts10.png Graphic file (type png)
 <use ts10.png>
Package pdftex.def Info: ts10.png used on input line 625.
(pdftex.def)             Requested size: 201.49065pt x 156.88977pt.

<ts11.png, id=228, 575.44987pt x 448.074pt>
File: ts11.png Graphic file (type png)
 <use ts11.png>
Package pdftex.def Info: ts11.png used on input line 626.
(pdftex.def)             Requested size: 201.49065pt x 156.88977pt.

<ts12.png, id=229, 575.44987pt x 448.97737pt>
File: ts12.png Graphic file (type png)
 <use ts12.png>
Package pdftex.def Info: ts12.png used on input line 627.
(pdftex.def)             Requested size: 201.49065pt x 157.20609pt.
 [5] [6 <./quantity_time_graph_ng.png> <./quantity_time_cumulative_graph.png> <
./ts01.png> <./ts02.png> <./ts03.png>] [7 <./ts04.png> <./ts05.png> <./ts06.png
> <./ts07.png> <./ts09.png> <./ts10.png> <./ts11.png> <./ts12.png>]
Overfull \hbox (5.62146pt too wide) in alignment at lines 633--638
 [] [] [] [] [] [] [] [] [] [] [] 
 []


Overfull \hbox (5.62146pt too wide) in alignment at lines 638--641
 [] [] [] [] [] [] [] [] [] [] [] 
 []


Overfull \hbox (5.62146pt too wide) in alignment at lines 641--644
 [] [] [] [] [] [] [] [] [] [] [] 
 []


Overfull \hbox (5.62146pt too wide) in alignment at lines 644--646
 [] [] [] [] [] [] [] [] [] [] [] 
 []


Overfull \hbox (7.0315pt too wide) in paragraph at lines 655--655
[]|\OT1/ptm/m/n/10 Chenglap|  
 []


Overfull \hbox (5.62146pt too wide) in alignment at lines 646--668
 [] [] [] [] [] [] [] [] [] [] [] 
 []


Overfull \hbox (5.62146pt too wide) in alignment at lines 668--688
 [] [] [] [] [] [] [] [] [] [] [] 
 []


Overfull \hbox (5.62146pt too wide) in alignment at lines 688--778
 [] [] [] [] [] [] [] [] [] [] [] 
 []

[8

] [9]
Overfull \hbox (1.19167pt too wide) in paragraph at lines 844--844
\OT1/ptm/m/n/10 (3.33%)|  
 []


Overfull \hbox (1.19167pt too wide) in paragraph at lines 844--844
\OT1/ptm/m/n/10 (5.56%)|  
 []


Overfull \hbox (6.19167pt too wide) in paragraph at lines 844--844
\OT1/ptm/m/n/10 (11.11%)|  
 []


Overfull \hbox (1.19167pt too wide) in paragraph at lines 844--844
\OT1/ptm/m/n/10 (0.00%)|  
 []


Overfull \hbox (1.19167pt too wide) in paragraph at lines 844--844
\OT1/ptm/m/n/10 (0.00%)|  
 []


Overfull \hbox (1.19167pt too wide) in paragraph at lines 844--844
\OT1/ptm/m/n/10 (0.00%)|  
 []


Overfull \hbox (6.19167pt too wide) in paragraph at lines 844--844
\OT1/ptm/m/n/10 (11.76%)|  
 []


Overfull \hbox (1.19167pt too wide) in paragraph at lines 844--844
\OT1/ptm/m/n/10 (0.00%)|  
 []


Overfull \hbox (6.19167pt too wide) in paragraph at lines 844--844
\OT1/ptm/m/n/10 (33.33%)|  
 []


Overfull \hbox (1.19167pt too wide) in paragraph at lines 844--844
\OT1/ptm/m/n/10 (0.00%)|  
 []


Overfull \hbox (1.19167pt too wide) in paragraph at lines 844--844
\OT1/ptm/m/n/10 (6.67%)|  
 []


Overfull \hbox (1.19167pt too wide) in paragraph at lines 844--844
\OT1/ptm/m/n/10 (0.00%)|  
 []


Overfull \hbox (6.19167pt too wide) in paragraph at lines 844--844
\OT1/ptm/m/n/10 (20.00%)|  
 []


Overfull \hbox (1.19167pt too wide) in paragraph at lines 844--845
\OT1/ptm/m/n/10 (4.76%)|  
 []


Overfull \hbox (1.19167pt too wide) in paragraph at lines 845--845
\OT1/ptm/m/n/10 (5.71%)|  
 []


Overfull \hbox (1.19167pt too wide) in paragraph at lines 845--845
\OT1/ptm/m/n/10 (0.00%)|  
 []


Overfull \hbox (6.19167pt too wide) in paragraph at lines 845--845
\OT1/ptm/m/n/10 (15.00%)|  
 []


Overfull \hbox (1.19167pt too wide) in paragraph at lines 845--845
\OT1/ptm/m/n/10 (0.00%)|  
 []


Overfull \hbox (1.19167pt too wide) in paragraph at lines 845--845
\OT1/ptm/m/n/10 (0.00%)|  
 []


Overfull \hbox (1.19167pt too wide) in paragraph at lines 845--845
\OT1/ptm/m/n/10 (0.00%)|  
 []


Overfull \hbox (6.19167pt too wide) in paragraph at lines 845--845
\OT1/ptm/m/n/10 (11.11%)|  
 []


Overfull \hbox (1.19167pt too wide) in paragraph at lines 845--845
\OT1/ptm/m/n/10 (5.56%)|  
 []


Overfull \hbox (1.19167pt too wide) in paragraph at lines 845--845
\OT1/ptm/m/n/10 (0.00%)|  
 []


Overfull \hbox (1.19167pt too wide) in paragraph at lines 845--845
\OT1/ptm/m/n/10 (8.33%)|  
 []


Overfull \hbox (6.19167pt too wide) in paragraph at lines 845--845
\OT1/ptm/m/n/10 (15.38%)|  
 []


Overfull \hbox (6.19167pt too wide) in paragraph at lines 845--845
\OT1/ptm/m/n/10 (20.00%)|  
 []


Overfull \hbox (1.19167pt too wide) in paragraph at lines 845--845
\OT1/ptm/m/n/10 (7.69%)|  
 []


Overfull \hbox (1.19167pt too wide) in paragraph at lines 845--846
\OT1/ptm/m/n/10 (5.86%)|  
 []


Overfull \hbox (6.19167pt too wide) in paragraph at lines 846--846
\OT1/ptm/m/n/10 (21.43%)|  
 []


Overfull \hbox (6.19167pt too wide) in paragraph at lines 846--846
\OT1/ptm/m/n/10 (54.55%)|  
 []


Overfull \hbox (6.19167pt too wide) in paragraph at lines 846--846
\OT1/ptm/m/n/10 (37.50%)|  
 []


Overfull \hbox (6.19167pt too wide) in paragraph at lines 846--846
\OT1/ptm/m/n/10 (16.67%)|  
 []


Overfull \hbox (6.19167pt too wide) in paragraph at lines 846--846
\OT1/ptm/m/n/10 (15.38%)|  
 []


Overfull \hbox (6.19167pt too wide) in paragraph at lines 846--846
\OT1/ptm/m/n/10 (58.33%)|  
 []


Overfull \hbox (1.19167pt too wide) in paragraph at lines 846--846
\OT1/ptm/m/n/10 (0.00%)|  
 []


Overfull \hbox (6.19167pt too wide) in paragraph at lines 846--846
\OT1/ptm/m/n/10 (14.29%)|  
 []


Overfull \hbox (1.19167pt too wide) in paragraph at lines 846--846
\OT1/ptm/m/n/10 (0.00%)|  
 []


Overfull \hbox (1.19167pt too wide) in paragraph at lines 846--846
\OT1/ptm/m/n/10 (0.00%)|  
 []


Overfull \hbox (1.19167pt too wide) in paragraph at lines 846--846
\OT1/ptm/m/n/10 (0.00%)|  
 []


Overfull \hbox (6.19167pt too wide) in paragraph at lines 846--846
\OT1/ptm/m/n/10 (38.46%)|  
 []


Overfull \hbox (6.19167pt too wide) in paragraph at lines 846--846
\OT1/ptm/m/n/10 (41.67%)|  
 []


Overfull \hbox (6.19167pt too wide) in paragraph at lines 846--847
\OT1/ptm/m/n/10 (27.01%)|  
 []


Overfull \hbox (6.19167pt too wide) in paragraph at lines 847--847
\OT1/ptm/m/n/10 (25.00%)|  
 []


Overfull \hbox (1.19167pt too wide) in paragraph at lines 847--847
\OT1/ptm/m/n/10 (0.00%)|  
 []


Overfull \hbox (1.19167pt too wide) in paragraph at lines 847--847
\OT1/ptm/m/n/10 (0.00%)|  
 []


Overfull \hbox (1.19167pt too wide) in paragraph at lines 847--847
\OT1/ptm/m/n/10 (0.00%)|  
 []


Overfull \hbox (6.19167pt too wide) in paragraph at lines 847--847
\OT1/ptm/m/n/10 (50.00%)|  
 []


Overfull \hbox (1.19167pt too wide) in paragraph at lines 847--847
\OT1/ptm/m/n/10 (0.00%)|  
 []


Overfull \hbox (1.19167pt too wide) in paragraph at lines 847--847
\OT1/ptm/m/n/10 (9.09%)|  
 []


Overfull \hbox (1.19167pt too wide) in paragraph at lines 847--847
\OT1/ptm/m/n/10 (0.00%)|  
 []


Overfull \hbox (6.19167pt too wide) in paragraph at lines 847--847
\OT1/ptm/m/n/10 (12.50%)|  
 []


Overfull \hbox (1.19167pt too wide) in paragraph at lines 847--847
\OT1/ptm/m/n/10 (0.00%)|  
 []


Overfull \hbox (1.19167pt too wide) in paragraph at lines 847--847
\OT1/ptm/m/n/10 (0.00%)|  
 []


Overfull \hbox (1.19167pt too wide) in paragraph at lines 847--848
\OT1/ptm/m/n/10 (7.84%)|  
 []


Overfull \hbox (1.19167pt too wide) in paragraph at lines 848--848
\OT1/ptm/m/n/10 (6.25%)|  
 []


Overfull \hbox (1.19167pt too wide) in paragraph at lines 848--848
\OT1/ptm/m/n/10 (8.00%)|  
 []


Overfull \hbox (1.19167pt too wide) in paragraph at lines 848--848
\OT1/ptm/m/n/10 (0.00%)|  
 []


Overfull \hbox (1.19167pt too wide) in paragraph at lines 848--848
\OT1/ptm/m/n/10 (0.00%)|  
 []


Overfull \hbox (1.19167pt too wide) in paragraph at lines 848--848
\OT1/ptm/m/n/10 (6.25%)|  
 []


Overfull \hbox (1.19167pt too wide) in paragraph at lines 848--848
\OT1/ptm/m/n/10 (6.25%)|  
 []


Overfull \hbox (1.19167pt too wide) in paragraph at lines 848--848
\OT1/ptm/m/n/10 (0.00%)|  
 []


Overfull \hbox (6.19167pt too wide) in paragraph at lines 848--848
\OT1/ptm/m/n/10 (27.27%)|  
 []


Overfull \hbox (1.19167pt too wide) in paragraph at lines 848--848
\OT1/ptm/m/n/10 (0.00%)|  
 []


Overfull \hbox (1.19167pt too wide) in paragraph at lines 848--848
\OT1/ptm/m/n/10 (5.88%)|  
 []


Overfull \hbox (6.19167pt too wide) in paragraph at lines 848--848
\OT1/ptm/m/n/10 (36.36%)|  
 []


Overfull \hbox (6.19167pt too wide) in paragraph at lines 848--848
\OT1/ptm/m/n/10 (27.27%)|  
 []


Overfull \hbox (1.19167pt too wide) in paragraph at lines 848--848
\OT1/ptm/m/n/10 (6.67%)|  
 []


Overfull \hbox (1.19167pt too wide) in paragraph at lines 848--849
\OT1/ptm/m/n/10 (7.96%)|  
 []


Overfull \hbox (1.19167pt too wide) in paragraph at lines 849--849
\OT1/ptm/m/n/10 (8.33%)|  
 []


Overfull \hbox (6.19167pt too wide) in paragraph at lines 849--849
\OT1/ptm/m/n/10 (13.04%)|  
 []


Overfull \hbox (1.19167pt too wide) in paragraph at lines 849--849
\OT1/ptm/m/n/10 (0.00%)|  
 []


Overfull \hbox (1.19167pt too wide) in paragraph at lines 849--849
\OT1/ptm/m/n/10 (6.25%)|  
 []


Overfull \hbox (6.19167pt too wide) in paragraph at lines 849--849
\OT1/ptm/m/n/10 (18.18%)|  
 []


Overfull \hbox (6.19167pt too wide) in paragraph at lines 849--849
\OT1/ptm/m/n/10 (15.38%)|  
 []


Overfull \hbox (6.19167pt too wide) in paragraph at lines 849--849
\OT1/ptm/m/n/10 (42.86%)|  
 []


Overfull \hbox (6.19167pt too wide) in paragraph at lines 849--849
\OT1/ptm/m/n/10 (20.00%)|  
 []


Overfull \hbox (1.19167pt too wide) in paragraph at lines 849--849
\OT1/ptm/m/n/10 (0.00%)|  
 []


Overfull \hbox (1.19167pt too wide) in paragraph at lines 849--849
\OT1/ptm/m/n/10 (7.69%)|  
 []


Overfull \hbox (1.19167pt too wide) in paragraph at lines 849--849
\OT1/ptm/m/n/10 (0.00%)|  
 []


Overfull \hbox (6.19167pt too wide) in paragraph at lines 849--849
\OT1/ptm/m/n/10 (14.29%)|  
 []


Overfull \hbox (6.19167pt too wide) in paragraph at lines 849--849
\OT1/ptm/m/n/10 (11.11%)|  
 []


Overfull \hbox (6.19167pt too wide) in paragraph at lines 849--850
\OT1/ptm/m/n/10 (11.18%)|  
 []


Overfull \hbox (6.19167pt too wide) in paragraph at lines 850--850
\OT1/ptm/m/n/10 (34.29%)|  
 []


Overfull \hbox (6.19167pt too wide) in paragraph at lines 850--850
\OT1/ptm/m/n/10 (52.63%)|  
 []


Overfull \hbox (6.19167pt too wide) in paragraph at lines 850--850
\OT1/ptm/m/n/10 (61.90%)|  
 []


Overfull \hbox (6.19167pt too wide) in paragraph at lines 850--850
\OT1/ptm/m/n/10 (81.82%)|  
 []


Overfull \hbox (6.19167pt too wide) in paragraph at lines 850--850
\OT1/ptm/m/n/10 (78.57%)|  
 []


Overfull \hbox (6.19167pt too wide) in paragraph at lines 850--850
\OT1/ptm/m/n/10 (64.29%)|  
 []


Overfull \hbox (6.19167pt too wide) in paragraph at lines 850--850
\OT1/ptm/m/n/10 (77.78%)|  
 []


Overfull \hbox (6.19167pt too wide) in paragraph at lines 850--850
\OT1/ptm/m/n/10 (83.33%)|  
 []


Overfull \hbox (6.19167pt too wide) in paragraph at lines 850--850
\OT1/ptm/m/n/10 (72.73%)|  
 []


Overfull \hbox (6.19167pt too wide) in paragraph at lines 850--850
\OT1/ptm/m/n/10 (72.73%)|  
 []


Overfull \hbox (6.19167pt too wide) in paragraph at lines 850--850
\OT1/ptm/m/n/10 (53.85%)|  
 []


Overfull \hbox (6.19167pt too wide) in paragraph at lines 850--850
\OT1/ptm/m/n/10 (78.57%)|  
 []


Overfull \hbox (6.19167pt too wide) in paragraph at lines 850--850
\OT1/ptm/m/n/10 (64.29%)|  
 []


Overfull \hbox (1.48169pt too wide) in paragraph at lines 850--851
[]|\OT1/ptm/m/n/10 124/198 
 []


Overfull \hbox (6.19167pt too wide) in paragraph at lines 850--851
\OT1/ptm/m/n/10 (62.63%)|  
 []


Overfull \hbox (1.19167pt too wide) in paragraph at lines 851--851
\OT1/ptm/m/n/10 (0.00%)|  
 []


Overfull \hbox (6.19167pt too wide) in paragraph at lines 851--851
\OT1/ptm/m/n/10 (55.56%)|  
 []


Overfull \hbox (6.19167pt too wide) in paragraph at lines 851--851
\OT1/ptm/m/n/10 (27.27%)|  
 []


Overfull \hbox (6.19167pt too wide) in paragraph at lines 851--851
\OT1/ptm/m/n/10 (50.00%)|  
 []


Overfull \hbox (6.19167pt too wide) in paragraph at lines 851--851
\OT1/ptm/m/n/10 (42.86%)|  
 []


Overfull \hbox (6.19167pt too wide) in paragraph at lines 851--851
\OT1/ptm/m/n/10 (60.00%)|  
 []


Overfull \hbox (6.19167pt too wide) in paragraph at lines 851--852
\OT1/ptm/m/n/10 (46.00%)|  
 []


Overfull \hbox (6.19167pt too wide) in paragraph at lines 852--852
\OT1/ptm/m/n/10 (17.02%)|  
 []


Overfull \hbox (6.19167pt too wide) in paragraph at lines 852--852
\OT1/ptm/m/n/10 (30.43%)|  
 []


Overfull \hbox (6.19167pt too wide) in paragraph at lines 852--852
\OT1/ptm/m/n/10 (21.43%)|  
 []


Overfull \hbox (6.19167pt too wide) in paragraph at lines 852--852
\OT1/ptm/m/n/10 (31.82%)|  
 []


Overfull \hbox (1.19167pt too wide) in paragraph at lines 852--852
\OT1/ptm/m/n/10 (4.55%)|  
 []


Overfull \hbox (6.19167pt too wide) in paragraph at lines 852--852
\OT1/ptm/m/n/10 (38.89%)|  
 []


Overfull \hbox (6.19167pt too wide) in paragraph at lines 852--852
\OT1/ptm/m/n/10 (23.08%)|  
 []


Overfull \hbox (6.19167pt too wide) in paragraph at lines 852--852
\OT1/ptm/m/n/10 (46.67%)|  
 []


Overfull \hbox (6.19167pt too wide) in paragraph at lines 852--852
\OT1/ptm/m/n/10 (37.50%)|  
 []


Overfull \hbox (6.19167pt too wide) in paragraph at lines 852--852
\OT1/ptm/m/n/10 (61.54%)|  
 []


Overfull \hbox (6.19167pt too wide) in paragraph at lines 852--852
\OT1/ptm/m/n/10 (52.94%)|  
 []


Overfull \hbox (6.19167pt too wide) in paragraph at lines 852--852
\OT1/ptm/m/n/10 (41.67%)|  
 []


Overfull \hbox (6.19167pt too wide) in paragraph at lines 852--852
\OT1/ptm/m/n/10 (68.75%)|  
 []


Overfull \hbox (6.19167pt too wide) in paragraph at lines 852--853
\OT1/ptm/m/n/10 (32.13%)|  
 []


Overfull \hbox (1.19167pt too wide) in paragraph at lines 853--853
\OT1/ptm/m/n/10 (0.00%)|  
 []


Overfull \hbox (1.19167pt too wide) in paragraph at lines 853--853
\OT1/ptm/m/n/10 (0.00%)|  
 []


Overfull \hbox (1.19167pt too wide) in paragraph at lines 853--853
\OT1/ptm/m/n/10 (0.00%)|  
 []


Overfull \hbox (1.19167pt too wide) in paragraph at lines 853--853
\OT1/ptm/m/n/10 (0.00%)|  
 []


Overfull \hbox (1.19167pt too wide) in paragraph at lines 853--853
\OT1/ptm/m/n/10 (0.00%)|  
 []


Overfull \hbox (1.19167pt too wide) in paragraph at lines 853--853
\OT1/ptm/m/n/10 (0.00%)|  
 []


Overfull \hbox (1.19167pt too wide) in paragraph at lines 853--853
\OT1/ptm/m/n/10 (0.00%)|  
 []


Overfull \hbox (1.19167pt too wide) in paragraph at lines 853--853
\OT1/ptm/m/n/10 (0.00%)|  
 []


Overfull \hbox (1.19167pt too wide) in paragraph at lines 853--853
\OT1/ptm/m/n/10 (0.00%)|  
 []


Overfull \hbox (1.19167pt too wide) in paragraph at lines 853--853
\OT1/ptm/m/n/10 (0.00%)|  
 []


Overfull \hbox (1.19167pt too wide) in paragraph at lines 853--853
\OT1/ptm/m/n/10 (0.00%)|  
 []


Overfull \hbox (1.19167pt too wide) in paragraph at lines 853--853
\OT1/ptm/m/n/10 (0.00%)|  
 []


Overfull \hbox (1.19167pt too wide) in paragraph at lines 853--853
\OT1/ptm/m/n/10 (0.00%)|  
 []


Overfull \hbox (1.19167pt too wide) in paragraph at lines 853--854
\OT1/ptm/m/n/10 (0.00%)|  
 []


Overfull \hbox (6.19167pt too wide) in paragraph at lines 973--973
\OT1/ptm/m/n/10 (12.28%)|  
 []


Overfull \hbox (1.19167pt too wide) in paragraph at lines 973--973
\OT1/ptm/m/n/10 (7.84%)|  
 []


Overfull \hbox (6.19167pt too wide) in paragraph at lines 973--973
\OT1/ptm/m/n/10 (22.22%)|  
 []


Overfull \hbox (6.19167pt too wide) in paragraph at lines 973--973
\OT1/ptm/m/n/10 (16.67%)|  
 []


Overfull \hbox (6.19167pt too wide) in paragraph at lines 973--973
\OT1/ptm/m/n/10 (16.67%)|  
 []


Overfull \hbox (6.19167pt too wide) in paragraph at lines 973--973
\OT1/ptm/m/n/10 (20.00%)|  
 []


Overfull \hbox (1.19167pt too wide) in paragraph at lines 973--973
\OT1/ptm/m/n/10 (0.00%)|  
 []


Overfull \hbox (1.19167pt too wide) in paragraph at lines 973--973
\OT1/ptm/m/n/10 (5.88%)|  
 []


Overfull \hbox (1.19167pt too wide) in paragraph at lines 973--973
\OT1/ptm/m/n/10 (0.00%)|  
 []


Overfull \hbox (6.19167pt too wide) in paragraph at lines 973--973
\OT1/ptm/m/n/10 (11.11%)|  
 []


Overfull \hbox (6.19167pt too wide) in paragraph at lines 973--973
\OT1/ptm/m/n/10 (11.11%)|  
 []


Overfull \hbox (1.19167pt too wide) in paragraph at lines 973--973
\OT1/ptm/m/n/10 (7.69%)|  
 []


Overfull \hbox (1.19167pt too wide) in paragraph at lines 973--973
\OT1/ptm/m/n/10 (4.55%)|  
 []


Overfull \hbox (6.19167pt too wide) in paragraph at lines 973--974
\OT1/ptm/m/n/10 (10.88%)|  
 []


Overfull \hbox (6.19167pt too wide) in paragraph at lines 974--974
\OT1/ptm/m/n/10 (76.00%)|  
 []


Overfull \hbox (6.19167pt too wide) in paragraph at lines 974--974
\OT1/ptm/m/n/10 (65.00%)|  
 []


Overfull \hbox (6.19167pt too wide) in paragraph at lines 974--974
\OT1/ptm/m/n/10 (75.00%)|  
 []


Overfull \hbox (6.19167pt too wide) in paragraph at lines 974--974
\OT1/ptm/m/n/10 (72.73%)|  
 []


Overfull \hbox (6.19167pt too wide) in paragraph at lines 974--974
\OT1/ptm/m/n/10 (80.00%)|  
 []


Overfull \hbox (6.19167pt too wide) in paragraph at lines 974--974
\OT1/ptm/m/n/10 (85.71%)|  
 []


Overfull \hbox (6.19167pt too wide) in paragraph at lines 974--974
\OT1/ptm/m/n/10 (55.56%)|  
 []


Overfull \hbox (6.19167pt too wide) in paragraph at lines 974--974
\OT1/ptm/m/n/10 (75.00%)|  
 []


Overfull \hbox (6.19167pt too wide) in paragraph at lines 974--974
\OT1/ptm/m/n/10 (30.00%)|  
 []


Overfull \hbox (6.19167pt too wide) in paragraph at lines 974--974
\OT1/ptm/m/n/10 (90.00%)|  
 []


Overfull \hbox (6.19167pt too wide) in paragraph at lines 974--974
\OT1/ptm/m/n/10 (66.67%)|  
 []


Overfull \hbox (6.19167pt too wide) in paragraph at lines 974--974
\OT1/ptm/m/n/10 (69.23%)|  
 []


Overfull \hbox (6.19167pt too wide) in paragraph at lines 974--974
\OT1/ptm/m/n/10 (66.67%)|  
 []


Overfull \hbox (6.19167pt too wide) in paragraph at lines 974--975
\OT1/ptm/m/n/10 (69.72%)|  
 []


Overfull \hbox (6.48169pt too wide) in paragraph at lines 975--975
[]|\OT1/ptm/m/n/10 509/2355 
 []


Overfull \hbox (6.19167pt too wide) in paragraph at lines 975--975
\OT1/ptm/m/n/10 (21.61%)|  
 []


Overfull \hbox (6.48169pt too wide) in paragraph at lines 975--975
[]|\OT1/ptm/m/n/10 446/1868 
 []


Overfull \hbox (6.19167pt too wide) in paragraph at lines 975--975
\OT1/ptm/m/n/10 (23.88%)|  
 []


Overfull \hbox (6.48169pt too wide) in paragraph at lines 975--975
[]|\OT1/ptm/m/n/10 392/1507 
 []


Overfull \hbox (6.19167pt too wide) in paragraph at lines 975--975
\OT1/ptm/m/n/10 (26.01%)|  
 []


Overfull \hbox (6.48169pt too wide) in paragraph at lines 975--975
[]|\OT1/ptm/m/n/10 305/1384 
 []


Overfull \hbox (6.19167pt too wide) in paragraph at lines 975--975
\OT1/ptm/m/n/10 (22.04%)|  
 []


Overfull \hbox (6.48169pt too wide) in paragraph at lines 975--975
[]|\OT1/ptm/m/n/10 340/1303 
 []


Overfull \hbox (6.19167pt too wide) in paragraph at lines 975--975
\OT1/ptm/m/n/10 (26.09%)|  
 []


Overfull \hbox (6.48169pt too wide) in paragraph at lines 975--975
[]|\OT1/ptm/m/n/10 384/1255 
 []


Overfull \hbox (6.19167pt too wide) in paragraph at lines 975--975
\OT1/ptm/m/n/10 (30.60%)|  
 []


Overfull \hbox (6.48169pt too wide) in paragraph at lines 975--975
[]|\OT1/ptm/m/n/10 318/1179 
 []


Overfull \hbox (6.19167pt too wide) in paragraph at lines 975--975
\OT1/ptm/m/n/10 (26.97%)|  
 []


Overfull \hbox (6.48169pt too wide) in paragraph at lines 975--975
[]|\OT1/ptm/m/n/10 373/1240 
 []


Overfull \hbox (6.19167pt too wide) in paragraph at lines 975--975
\OT1/ptm/m/n/10 (30.08%)|  
 []


Overfull \hbox (6.48169pt too wide) in paragraph at lines 975--975
[]|\OT1/ptm/m/n/10 337/1204 
 []


Overfull \hbox (6.19167pt too wide) in paragraph at lines 975--975
\OT1/ptm/m/n/10 (27.99%)|  
 []


Overfull \hbox (6.48169pt too wide) in paragraph at lines 975--975
[]|\OT1/ptm/m/n/10 308/1187 
 []


Overfull \hbox (6.19167pt too wide) in paragraph at lines 975--975
\OT1/ptm/m/n/10 (25.95%)|  
 []


Overfull \hbox (6.48169pt too wide) in paragraph at lines 975--975
[]|\OT1/ptm/m/n/10 468/1244 
 []


Overfull \hbox (6.19167pt too wide) in paragraph at lines 975--975
\OT1/ptm/m/n/10 (37.62%)|  
 []


Overfull \hbox (6.48169pt too wide) in paragraph at lines 975--975
[]|\OT1/ptm/m/n/10 311/1127 
 []


Overfull \hbox (6.19167pt too wide) in paragraph at lines 975--975
\OT1/ptm/m/n/10 (27.60%)|  
 []


Overfull \hbox (6.48169pt too wide) in paragraph at lines 975--975
[]|\OT1/ptm/m/n/10 336/1275 
 []


Overfull \hbox (6.19167pt too wide) in paragraph at lines 975--975
\OT1/ptm/m/n/10 (26.35%)|  
 []


Overfull \hbox (16.48169pt too wide) in paragraph at lines 975--975
[]|\OT1/ptm/m/n/10 4827/18128 
 []


Overfull \hbox (6.19167pt too wide) in paragraph at lines 975--975
\OT1/ptm/m/n/10 (26.63%)|  
 []

[10

] <sna.png, id=282, 4111.36pt x 4111.36pt>
File: sna.png Graphic file (type png)
 <use sna.png>
Package pdftex.def Info: sna.png used on input line 980.
(pdftex.def)             Requested size: 597.50787pt x 597.48073pt.
 [11

 <./sna.png>]
<meta.png, id=293, 403.2666pt x 299.9205pt>
File: meta.png Graphic file (type png)
 <use meta.png>
Package pdftex.def Info: meta.png used on input line 1009.
(pdftex.def)             Requested size: 245.71811pt x 182.74986pt.

Underfull \hbox (badness 1990) in paragraph at lines 1040--1044
[]\C70/bsmi/m/n/10/5f û \C70/bsmi/m/it/10/57 ^^V []\OT1/ptm/m/n/10 4[] \C70/bsm
i/bx/n/10/62 ^^Q \C70/bsmi/m/n/10/50 ^^Q \C70/bsmi/bx/n/10/53 Ô \C70/bsmi/m/sc/
10/4e Â \C70/bsmi/m/it/10/76 | \C70/bsmi/m/sc/10/73 ˛ \C70/bsmi/m/sc/10/4e ^^@ 
õ \C70/bsmi/m/n/10/89 è \C70/bsmi/m/it/10/52 G \C70/bsmi/m/it/10/ff ^^L \C70/bs
mi/m/it/10/4f ã \C70/bsmi/m/it/10/59 Ç \C70/bsmi/m/it/10/ff ^^L
 []

[12

 <./meta.png>]
Overfull \hbox (2.76674pt too wide) in paragraph at lines 1082--1099
 [][] 
 []

(./main.bbl
Underfull \hbox (badness 3364) in paragraph at lines 35--38
[]\OT1/ptm/m/n/8 Y.-W. Pwu, ``ckip-client: A Python client for CKIP Chi-nese
 []


Underfull \hbox (badness 5607) in paragraph at lines 35--38
\OT1/ptm/m/n/8 Word Seg-men-ta-tion Sys-tem.'' []$\OT1/pcr/m/n/8 https : / / py
pi . python . org /
 []

[13]
Underfull \hbox (badness 10000) in paragraph at lines 79--83
\OT1/pcr/m/n/8 stanford . edu / []jurafsky / NLPCourseraSlides . html$[]\OT1/pt
m/m/n/8 .
 []

)

** Conference Paper **
Before submitting the final camera ready copy, remember to:

 1. Manually equalize the lengths of two columns on the last page
 of your paper;

 2. Ensure that any PostScript and/or PDF output post-processing
 uses only Type 1 fonts and that every step in the generation
 process uses the US letter (8.5in X 11in) paper size.

Package atveryend Info: Empty hook `BeforeClearDocument' on input line 1154.
[14

]
Package atveryend Info: Empty hook `AfterLastShipout' on input line 1154.
 (./main.aux)
Package atveryend Info: Executing hook `AtVeryEndDocument' on input line 1154.
Package atveryend Info: Executing hook `AtEndAfterFileList' on input line 1154.

Package rerunfilecheck Info: File `main.out' has not changed.
(rerunfilecheck)             Checksum: EE9510004D0017AD39FD4EAB80D631C0;69.


LaTeX Font Warning: Size substitutions with differences
(Font)              up to 1.28pt have occurred.


LaTeX Font Warning: Some font shapes were not available, defaults substituted.

Package atveryend Info: Empty hook `AtVeryVeryEnd' on input line 1154.
 ) 
Here is how much of TeX's memory you used:
 11925 strings out of 493013
 173884 string characters out of 6135681
 316311 words of memory out of 5000000
 14885 multiletter control sequences out of 15000+600000
 97012 words of font info for 288 fonts, out of 8000000 for 9000
 1141 hyphenation exceptions out of 8191
 36i,11n,49p,819b,2028s stack positions out of 5000i,500n,10000p,200000b,80000s
{/usr/share/texlive/texmf-dist/fonts/enc/dvips/base/8r.enc}</usr/share/texmf/
fonts/type1/arphic/bsmiu/bsmiu03.pfb></usr/share/texmf/fonts/type1/arphic/bsmiu
/bsmiu30.pfb></usr/share/texmf/fonts/type1/arphic/bsmiu/bsmiu4e.pfb></usr/share
/texmf/fonts/type1/arphic/bsmiu/bsmiu4f.pfb></usr/share/texmf/fonts/type1/arphi
c/bsmiu/bsmiu50.pfb></usr/share/texmf/fonts/type1/arphic/bsmiu/bsmiu51.pfb></us
r/share/texmf/fonts/type1/arphic/bsmiu/bsmiu52.pfb></usr/share/texmf/fonts/type
1/arphic/bsmiu/bsmiu53.pfb></usr/share/texmf/fonts/type1/arphic/bsmiu/bsmiu54.p
fb></usr/share/texmf/fonts/type1/arphic/bsmiu/bsmiu55.pfb></usr/share/texmf/fon
ts/type1/arphic/bsmiu/bsmiu56.pfb></usr/share/texmf/fonts/type1/arphic/bsmiu/bs
miu57.pfb></usr/share/texmf/fonts/type1/arphic/bsmiu/bsmiu58.pfb></usr/share/te
xmf/fonts/type1/arphic/bsmiu/bsmiu59.pfb></usr/share/texmf/fonts/type1/arphic/b
smiu/bsmiu5a.pfb></usr/share/texmf/fonts/type1/arphic/bsmiu/bsmiu5b.pfb></usr/s
hare/texmf/fonts/type1/arphic/bsmiu/bsmiu5c.pfb></usr/share/texmf/fonts/type1/a
rphic/bsmiu/bsmiu5d.pfb></usr/share/texmf/fonts/type1/arphic/bsmiu/bsmiu5e.pfb>
</usr/share/texmf/fonts/type1/arphic/bsmiu/bsmiu5f.pfb></usr/share/texmf/fonts/
type1/arphic/bsmiu/bsmiu60.pfb></usr/share/texmf/fonts/type1/arphic/bsmiu/bsmiu
61.pfb></usr/share/texmf/fonts/type1/arphic/bsmiu/bsmiu62.pfb></usr/share/texmf
/fonts/type1/arphic/bsmiu/bsmiu63.pfb></usr/share/texmf/fonts/type1/arphic/bsmi
u/bsmiu64.pfb></usr/share/texmf/fonts/type1/arphic/bsmiu/bsmiu65.pfb></usr/shar
e/texmf/fonts/type1/arphic/bsmiu/bsmiu66.pfb></usr/share/texmf/fonts/type1/arph
ic/bsmiu/bsmiu67.pfb></usr/share/texmf/fonts/type1/arphic/bsmiu/bsmiu68.pfb></u
sr/share/texmf/fonts/type1/arphic/bsmiu/bsmiu69.pfb></usr/share/texmf/fonts/typ
e1/arphic/bsmiu/bsmiu6a.pfb></usr/share/texmf/fonts/type1/arphic/bsmiu/bsmiu6b.
pfb></usr/share/texmf/fonts/type1/arphic/bsmiu/bsmiu6c.pfb></usr/share/texmf/fo
nts/type1/arphic/bsmiu/bsmiu6d.pfb></usr/share/texmf/fonts/type1/arphic/bsmiu/b
smiu6e.pfb></usr/share/texmf/fonts/type1/arphic/bsmiu/bsmiu6f.pfb></usr/share/t
exmf/fonts/type1/arphic/bsmiu/bsmiu70.pfb></usr/share/texmf/fonts/type1/arphic/
bsmiu/bsmiu71.pfb></usr/share/texmf/fonts/type1/arphic/bsmiu/bsmiu72.pfb></usr/
share/texmf/fonts/type1/arphic/bsmiu/bsmiu73.pfb></usr/share/texmf/fonts/type1/
arphic/bsmiu/bsmiu74.pfb></usr/share/texmf/fonts/type1/arphic/bsmiu/bsmiu75.pfb
></usr/share/texmf/fonts/type1/arphic/bsmiu/bsmiu76.pfb></usr/share/texmf/fonts
/type1/arphic/bsmiu/bsmiu77.pfb></usr/share/texmf/fonts/type1/arphic/bsmiu/bsmi
u78.pfb></usr/share/texmf/fonts/type1/arphic/bsmiu/bsmiu79.pfb></usr/share/texm
f/fonts/type1/arphic/bsmiu/bsmiu7a.pfb></usr/share/texmf/fonts/type1/arphic/bsm
iu/bsmiu7b.pfb></usr/share/texmf/fonts/type1/arphic/bsmiu/bsmiu7c.pfb></usr/sha
re/texmf/fonts/type1/arphic/bsmiu/bsmiu7d.pfb></usr/share/texmf/fonts/type1/arp
hic/bsmiu/bsmiu7e.pfb></usr/share/texmf/fonts/type1/arphic/bsmiu/bsmiu7f.pfb></
usr/share/texmf/fonts/type1/arphic/bsmiu/bsmiu80.pfb></usr/share/texmf/fonts/ty
pe1/arphic/bsmiu/bsmiu81.pfb></usr/share/texmf/fonts/type1/arphic/bsmiu/bsmiu82
.pfb></usr/share/texmf/fonts/type1/arphic/bsmiu/bsmiu83.pfb></usr/share/texmf/f
onts/type1/arphic/bsmiu/bsmiu84.pfb></usr/share/texmf/fonts/type1/arphic/bsmiu/
bsmiu85.pfb></usr/share/texmf/fonts/type1/arphic/bsmiu/bsmiu86.pfb></usr/share/
texmf/fonts/type1/arphic/bsmiu/bsmiu88.pfb></usr/share/texmf/fonts/type1/arphic
/bsmiu/bsmiu89.pfb></usr/share/texmf/fonts/type1/arphic/bsmiu/bsmiu8a.pfb></usr
/share/texmf/fonts/type1/arphic/bsmiu/bsmiu8b.pfb></usr/share/texmf/fonts/type1
/arphic/bsmiu/bsmiu8c.pfb></usr/share/texmf/fonts/type1/arphic/bsmiu/bsmiu8d.pf
b></usr/share/texmf/fonts/type1/arphic/bsmiu/bsmiu8e.pfb></usr/share/texmf/font
s/type1/arphic/bsmiu/bsmiu8f.pfb></usr/share/texmf/fonts/type1/arphic/bsmiu/bsm
iu90.pfb></usr/share/texmf/fonts/type1/arphic/bsmiu/bsmiu91.pfb></usr/share/tex
mf/fonts/type1/arphic/bsmiu/bsmiu92.pfb></usr/share/texmf/fonts/type1/arphic/bs
miu/bsmiu93.pfb></usr/share/texmf/fonts/type1/arphic/bsmiu/bsmiu95.pfb></usr/sh
are/texmf/fonts/type1/arphic/bsmiu/bsmiu96.pfb></usr/share/texmf/fonts/type1/ar
phic/bsmiu/bsmiu97.pfb></usr/share/texmf/fonts/type1/arphic/bsmiu/bsmiu98.pfb><
/usr/share/texmf/fonts/type1/arphic/bsmiu/bsmiu99.pfb></usr/share/texmf/fonts/t
ype1/arphic/bsmiu/bsmiu9a.pfb></usr/share/texmf/fonts/type1/arphic/bsmiu/bsmiu9
b.pfb></usr/share/texmf/fonts/type1/arphic/bsmiu/bsmiu9e.pfb></usr/share/texmf/
fonts/type1/arphic/bsmiu/bsmiu9f.pfb></usr/share/texmf/fonts/type1/arphic/bsmiu
/bsmiuff.pfb></usr/share/texlive/texmf-dist/fonts/type1/public/amsfonts/cm/cmmi
10.pfb></usr/share/texlive/texmf-dist/fonts/type1/public/amsfonts/cm/cmr10.pfb>
</usr/share/texlive/texmf-dist/fonts/type1/public/amsfonts/cm/cmsy10.pfb></usr/
share/texlive/texmf-dist/fonts/type1/public/amsfonts/cm/cmsy6.pfb></usr/share/t
exlive/texmf-dist/fonts/type1/public/amsfonts/cm/cmsy7.pfb></usr/share/texlive/
texmf-dist/fonts/type1/public/amsfonts/cm/cmsy8.pfb></usr/share/texlive/texmf-d
ist/fonts/type1/urw/courier/ucrr8a.pfb></usr/share/texlive/texmf-dist/fonts/typ
e1/urw/times/utmb8a.pfb></usr/share/texlive/texmf-dist/fonts/type1/urw/times/ut
mr8a.pfb></usr/share/texlive/texmf-dist/fonts/type1/urw/times/utmri8a.pfb>
Output written on main.pdf (14 pages, 9173022 bytes).
PDF statistics:
 647 PDF objects out of 1000 (max. 8388607)
 424 compressed objects within 5 object streams
 64 named destinations out of 1000 (max. 500000)
 408 words of extra memory for PDF output out of 10000 (max. 10000000)

